<?xml version="1.0" encoding="UTF-8"?>
<!-- Generated by org.testng.reporters.JUnitReportReporter -->
<testsuite hostname="MWDH-Work2" failures="0" tests="1" name="ass3W9D3.ChromeWebDriverAss3W9D3" time="2.043" errors="0" timestamp="2022-08-02T04:07:14 AST" skipped="0">
  <testcase classname="ass3W9D3.ChromeWebDriverAss3W9D3" name="LearnEnglishWebSite" time="2.043"/>
  <system-out/>
</testsuite> <!-- ass3W9D3.ChromeWebDriverAss3W9D3 -->
